2023-09-12 18:36:13,287 INFO o.s.b.StartupInfoLogger [main] Starting SampleApplication using Java 20.0.2 with PID 16740 (D:\projects\learning\core-skills\spring-boot-cd-skeleton\sample-application\build\classes\java\main started by Judzin in D:\projects\learning\core-skills\spring-boot-cd-skeleton)
2023-09-12 18:36:13,291 INFO o.s.b.SpringApplication [main] No active profile set, falling back to 1 default profile: "default"
2023-09-12 18:36:14,542 INFO o.s.b.w.e.t.TomcatWebServer [main] Tomcat initialized with port(s): 8080 (http)
2023-09-12 18:36:14,552 INFO o.a.j.l.DirectJDKLog [main] Initializing ProtocolHandler ["http-nio-8080"]
2023-09-12 18:36:14,555 INFO o.a.j.l.DirectJDKLog [main] Starting service [Tomcat]
2023-09-12 18:36:14,555 INFO o.a.j.l.DirectJDKLog [main] Starting Servlet engine: [Apache Tomcat/10.1.12]
2023-09-12 18:36:14,679 INFO o.a.j.l.DirectJDKLog [main] Initializing Spring embedded WebApplicationContext
2023-09-12 18:36:14,681 INFO o.s.b.w.s.c.ServletWebServerApplicationContext [main] Root WebApplicationContext: initialization completed in 1302 ms
2023-09-12 18:36:14,744 WARN o.s.c.s.AbstractApplicationContext [main] Exception encountered during context initialization - cancelling refresh attempt: org.springframework.beans.factory.BeanCreationException: Error creating bean with name 'sampleController' defined in file [D:\projects\learning\core-skills\spring-boot-cd-skeleton\sample-application\build\classes\java\main\org\bananalaba\springcdtemplate\web\SampleController.class]: Unexpected exception during bean creation
2023-09-12 18:36:14,750 INFO o.a.j.l.DirectJDKLog [main] Stopping service [Tomcat]
2023-09-12 18:36:14,774 INFO o.s.b.a.l.ConditionEvaluationReportLogger [main] 

Error starting ApplicationContext. To display the condition evaluation report re-run your application with 'debug' enabled.
2023-09-12 18:36:14,805 ERROR o.s.b.SpringApplication [main] Application run failed
org.springframework.beans.factory.BeanCreationException: Error creating bean with name 'sampleController' defined in file [D:\projects\learning\core-skills\spring-boot-cd-skeleton\sample-application\build\classes\java\main\org\bananalaba\springcdtemplate\web\SampleController.class]: Unexpected exception during bean creation
	at org.springframework.beans.factory.support.AbstractAutowireCapableBeanFactory.createBean(AbstractAutowireCapableBeanFactory.java:533)
	at org.springframework.beans.factory.support.AbstractBeanFactory.lambda$doGetBean$0(AbstractBeanFactory.java:326)
	at org.springframework.beans.factory.support.DefaultSingletonBeanRegistry.getSingleton(DefaultSingletonBeanRegistry.java:234)
	at org.springframework.beans.factory.support.AbstractBeanFactory.doGetBean(AbstractBeanFactory.java:324)
	at org.springframework.beans.factory.support.AbstractBeanFactory.getBean(AbstractBeanFactory.java:200)
	at org.springframework.beans.factory.support.DefaultListableBeanFactory.preInstantiateSingletons(DefaultListableBeanFactory.java:973)
	at org.springframework.context.support.AbstractApplicationContext.finishBeanFactoryInitialization(AbstractApplicationContext.java:942)
	at org.springframework.context.support.AbstractApplicationContext.refresh(AbstractApplicationContext.java:608)
	at org.springframework.boot.web.servlet.context.ServletWebServerApplicationContext.refresh(ServletWebServerApplicationContext.java:146)
	at org.springframework.boot.SpringApplication.refresh(SpringApplication.java:734)
	at org.springframework.boot.SpringApplication.refreshContext(SpringApplication.java:436)
	at org.springframework.boot.SpringApplication.run(SpringApplication.java:312)
	at org.springframework.boot.SpringApplication.run(SpringApplication.java:1306)
	at org.springframework.boot.SpringApplication.run(SpringApplication.java:1295)
	at org.bananalaba.springcdtemplate.SampleApplication.main(SampleApplication.java:10)
Caused by: java.lang.IllegalArgumentException: Could not resolve placeholder 'node.ip' in value "${node.ip}"
	at org.springframework.util.PropertyPlaceholderHelper.parseStringValue(PropertyPlaceholderHelper.java:180)
	at org.springframework.util.PropertyPlaceholderHelper.replacePlaceholders(PropertyPlaceholderHelper.java:126)
	at org.springframework.core.env.AbstractPropertyResolver.doResolvePlaceholders(AbstractPropertyResolver.java:239)
	at org.springframework.core.env.AbstractPropertyResolver.resolveRequiredPlaceholders(AbstractPropertyResolver.java:210)
	at org.springframework.context.support.PropertySourcesPlaceholderConfigurer.lambda$processProperties$0(PropertySourcesPlaceholderConfigurer.java:191)
	at org.springframework.beans.factory.support.AbstractBeanFactory.resolveEmbeddedValue(AbstractBeanFactory.java:920)
	at org.springframework.beans.factory.support.DefaultListableBeanFactory.doResolveDependency(DefaultListableBeanFactory.java:1358)
	at org.springframework.beans.factory.support.DefaultListableBeanFactory.resolveDependency(DefaultListableBeanFactory.java:1337)
	at org.springframework.beans.factory.support.ConstructorResolver.resolveAutowiredArgument(ConstructorResolver.java:888)
	at org.springframework.beans.factory.support.ConstructorResolver.createArgumentArray(ConstructorResolver.java:791)
	at org.springframework.beans.factory.support.ConstructorResolver.autowireConstructor(ConstructorResolver.java:245)
	at org.springframework.beans.factory.support.AbstractAutowireCapableBeanFactory.autowireConstructor(AbstractAutowireCapableBeanFactory.java:1352)
	at org.springframework.beans.factory.support.AbstractAutowireCapableBeanFactory.createBeanInstance(AbstractAutowireCapableBeanFactory.java:1189)
	at org.springframework.beans.factory.support.AbstractAutowireCapableBeanFactory.doCreateBean(AbstractAutowireCapableBeanFactory.java:560)
	at org.springframework.beans.factory.support.AbstractAutowireCapableBeanFactory.createBean(AbstractAutowireCapableBeanFactory.java:520)
	... 14 common frames omitted
2023-09-12 18:36:46,875 INFO o.s.b.StartupInfoLogger [main] Starting SampleApplication using Java 20.0.2 with PID 2768 (D:\projects\learning\core-skills\spring-boot-cd-skeleton\sample-application\build\classes\java\main started by Judzin in D:\projects\learning\core-skills\spring-boot-cd-skeleton)
2023-09-12 18:36:46,880 INFO o.s.b.SpringApplication [main] No active profile set, falling back to 1 default profile: "default"
2023-09-12 18:36:48,101 INFO o.s.b.w.e.t.TomcatWebServer [main] Tomcat initialized with port(s): 8080 (http)
2023-09-12 18:36:48,110 INFO o.a.j.l.DirectJDKLog [main] Initializing ProtocolHandler ["http-nio-8080"]
2023-09-12 18:36:48,113 INFO o.a.j.l.DirectJDKLog [main] Starting service [Tomcat]
2023-09-12 18:36:48,113 INFO o.a.j.l.DirectJDKLog [main] Starting Servlet engine: [Apache Tomcat/10.1.12]
2023-09-12 18:36:48,227 INFO o.a.j.l.DirectJDKLog [main] Initializing Spring embedded WebApplicationContext
2023-09-12 18:36:48,228 INFO o.s.b.w.s.c.ServletWebServerApplicationContext [main] Root WebApplicationContext: initialization completed in 1277 ms
2023-09-12 18:36:48,284 WARN o.s.c.s.AbstractApplicationContext [main] Exception encountered during context initialization - cancelling refresh attempt: org.springframework.beans.factory.BeanCreationException: Error creating bean with name 'sampleController' defined in file [D:\projects\learning\core-skills\spring-boot-cd-skeleton\sample-application\build\classes\java\main\org\bananalaba\springcdtemplate\web\SampleController.class]: Unexpected exception during bean creation
2023-09-12 18:36:48,288 INFO o.a.j.l.DirectJDKLog [main] Stopping service [Tomcat]
2023-09-12 18:36:48,308 INFO o.s.b.a.l.ConditionEvaluationReportLogger [main] 

Error starting ApplicationContext. To display the condition evaluation report re-run your application with 'debug' enabled.
2023-09-12 18:36:48,332 ERROR o.s.b.SpringApplication [main] Application run failed
org.springframework.beans.factory.BeanCreationException: Error creating bean with name 'sampleController' defined in file [D:\projects\learning\core-skills\spring-boot-cd-skeleton\sample-application\build\classes\java\main\org\bananalaba\springcdtemplate\web\SampleController.class]: Unexpected exception during bean creation
	at org.springframework.beans.factory.support.AbstractAutowireCapableBeanFactory.createBean(AbstractAutowireCapableBeanFactory.java:533)
	at org.springframework.beans.factory.support.AbstractBeanFactory.lambda$doGetBean$0(AbstractBeanFactory.java:326)
	at org.springframework.beans.factory.support.DefaultSingletonBeanRegistry.getSingleton(DefaultSingletonBeanRegistry.java:234)
	at org.springframework.beans.factory.support.AbstractBeanFactory.doGetBean(AbstractBeanFactory.java:324)
	at org.springframework.beans.factory.support.AbstractBeanFactory.getBean(AbstractBeanFactory.java:200)
	at org.springframework.beans.factory.support.DefaultListableBeanFactory.preInstantiateSingletons(DefaultListableBeanFactory.java:973)
	at org.springframework.context.support.AbstractApplicationContext.finishBeanFactoryInitialization(AbstractApplicationContext.java:942)
	at org.springframework.context.support.AbstractApplicationContext.refresh(AbstractApplicationContext.java:608)
	at org.springframework.boot.web.servlet.context.ServletWebServerApplicationContext.refresh(ServletWebServerApplicationContext.java:146)
	at org.springframework.boot.SpringApplication.refresh(SpringApplication.java:734)
	at org.springframework.boot.SpringApplication.refreshContext(SpringApplication.java:436)
	at org.springframework.boot.SpringApplication.run(SpringApplication.java:312)
	at org.springframework.boot.SpringApplication.run(SpringApplication.java:1306)
	at org.springframework.boot.SpringApplication.run(SpringApplication.java:1295)
	at org.bananalaba.springcdtemplate.SampleApplication.main(SampleApplication.java:10)
Caused by: java.lang.IllegalArgumentException: Could not resolve placeholder 'node.ip' in value "${node.ip}"
	at org.springframework.util.PropertyPlaceholderHelper.parseStringValue(PropertyPlaceholderHelper.java:180)
	at org.springframework.util.PropertyPlaceholderHelper.replacePlaceholders(PropertyPlaceholderHelper.java:126)
	at org.springframework.core.env.AbstractPropertyResolver.doResolvePlaceholders(AbstractPropertyResolver.java:239)
	at org.springframework.core.env.AbstractPropertyResolver.resolveRequiredPlaceholders(AbstractPropertyResolver.java:210)
	at org.springframework.context.support.PropertySourcesPlaceholderConfigurer.lambda$processProperties$0(PropertySourcesPlaceholderConfigurer.java:191)
	at org.springframework.beans.factory.support.AbstractBeanFactory.resolveEmbeddedValue(AbstractBeanFactory.java:920)
	at org.springframework.beans.factory.support.DefaultListableBeanFactory.doResolveDependency(DefaultListableBeanFactory.java:1358)
	at org.springframework.beans.factory.support.DefaultListableBeanFactory.resolveDependency(DefaultListableBeanFactory.java:1337)
	at org.springframework.beans.factory.support.ConstructorResolver.resolveAutowiredArgument(ConstructorResolver.java:888)
	at org.springframework.beans.factory.support.ConstructorResolver.createArgumentArray(ConstructorResolver.java:791)
	at org.springframework.beans.factory.support.ConstructorResolver.autowireConstructor(ConstructorResolver.java:245)
	at org.springframework.beans.factory.support.AbstractAutowireCapableBeanFactory.autowireConstructor(AbstractAutowireCapableBeanFactory.java:1352)
	at org.springframework.beans.factory.support.AbstractAutowireCapableBeanFactory.createBeanInstance(AbstractAutowireCapableBeanFactory.java:1189)
	at org.springframework.beans.factory.support.AbstractAutowireCapableBeanFactory.doCreateBean(AbstractAutowireCapableBeanFactory.java:560)
	at org.springframework.beans.factory.support.AbstractAutowireCapableBeanFactory.createBean(AbstractAutowireCapableBeanFactory.java:520)
	... 14 common frames omitted
2023-09-12 18:37:11,185 INFO o.s.b.StartupInfoLogger [main] Starting SampleApplication using Java 20.0.2 with PID 17812 (D:\projects\learning\core-skills\spring-boot-cd-skeleton\sample-application\build\classes\java\main started by Judzin in D:\projects\learning\core-skills\spring-boot-cd-skeleton)
2023-09-12 18:37:11,192 INFO o.s.b.SpringApplication [main] No active profile set, falling back to 1 default profile: "default"
2023-09-12 18:37:12,405 INFO o.s.b.w.e.t.TomcatWebServer [main] Tomcat initialized with port(s): 8080 (http)
2023-09-12 18:37:12,417 INFO o.a.j.l.DirectJDKLog [main] Initializing ProtocolHandler ["http-nio-8080"]
2023-09-12 18:37:12,420 INFO o.a.j.l.DirectJDKLog [main] Starting service [Tomcat]
2023-09-12 18:37:12,421 INFO o.a.j.l.DirectJDKLog [main] Starting Servlet engine: [Apache Tomcat/10.1.12]
2023-09-12 18:37:12,550 INFO o.a.j.l.DirectJDKLog [main] Initializing Spring embedded WebApplicationContext
2023-09-12 18:37:12,551 INFO o.s.b.w.s.c.ServletWebServerApplicationContext [main] Root WebApplicationContext: initialization completed in 1285 ms
2023-09-12 18:37:12,611 WARN o.s.c.s.AbstractApplicationContext [main] Exception encountered during context initialization - cancelling refresh attempt: org.springframework.beans.factory.BeanCreationException: Error creating bean with name 'sampleController' defined in file [D:\projects\learning\core-skills\spring-boot-cd-skeleton\sample-application\build\classes\java\main\org\bananalaba\springcdtemplate\web\SampleController.class]: Unexpected exception during bean creation
2023-09-12 18:37:12,614 INFO o.a.j.l.DirectJDKLog [main] Stopping service [Tomcat]
2023-09-12 18:37:12,632 INFO o.s.b.a.l.ConditionEvaluationReportLogger [main] 

Error starting ApplicationContext. To display the condition evaluation report re-run your application with 'debug' enabled.
2023-09-12 18:37:12,670 ERROR o.s.b.SpringApplication [main] Application run failed
org.springframework.beans.factory.BeanCreationException: Error creating bean with name 'sampleController' defined in file [D:\projects\learning\core-skills\spring-boot-cd-skeleton\sample-application\build\classes\java\main\org\bananalaba\springcdtemplate\web\SampleController.class]: Unexpected exception during bean creation
	at org.springframework.beans.factory.support.AbstractAutowireCapableBeanFactory.createBean(AbstractAutowireCapableBeanFactory.java:533)
	at org.springframework.beans.factory.support.AbstractBeanFactory.lambda$doGetBean$0(AbstractBeanFactory.java:326)
	at org.springframework.beans.factory.support.DefaultSingletonBeanRegistry.getSingleton(DefaultSingletonBeanRegistry.java:234)
	at org.springframework.beans.factory.support.AbstractBeanFactory.doGetBean(AbstractBeanFactory.java:324)
	at org.springframework.beans.factory.support.AbstractBeanFactory.getBean(AbstractBeanFactory.java:200)
	at org.springframework.beans.factory.support.DefaultListableBeanFactory.preInstantiateSingletons(DefaultListableBeanFactory.java:973)
	at org.springframework.context.support.AbstractApplicationContext.finishBeanFactoryInitialization(AbstractApplicationContext.java:942)
	at org.springframework.context.support.AbstractApplicationContext.refresh(AbstractApplicationContext.java:608)
	at org.springframework.boot.web.servlet.context.ServletWebServerApplicationContext.refresh(ServletWebServerApplicationContext.java:146)
	at org.springframework.boot.SpringApplication.refresh(SpringApplication.java:734)
	at org.springframework.boot.SpringApplication.refreshContext(SpringApplication.java:436)
	at org.springframework.boot.SpringApplication.run(SpringApplication.java:312)
	at org.springframework.boot.SpringApplication.run(SpringApplication.java:1306)
	at org.springframework.boot.SpringApplication.run(SpringApplication.java:1295)
	at org.bananalaba.springcdtemplate.SampleApplication.main(SampleApplication.java:10)
Caused by: java.lang.IllegalArgumentException: Could not resolve placeholder 'node.ip' in value "${node.ip}"
	at org.springframework.util.PropertyPlaceholderHelper.parseStringValue(PropertyPlaceholderHelper.java:180)
	at org.springframework.util.PropertyPlaceholderHelper.replacePlaceholders(PropertyPlaceholderHelper.java:126)
	at org.springframework.core.env.AbstractPropertyResolver.doResolvePlaceholders(AbstractPropertyResolver.java:239)
	at org.springframework.core.env.AbstractPropertyResolver.resolveRequiredPlaceholders(AbstractPropertyResolver.java:210)
	at org.springframework.context.support.PropertySourcesPlaceholderConfigurer.lambda$processProperties$0(PropertySourcesPlaceholderConfigurer.java:191)
	at org.springframework.beans.factory.support.AbstractBeanFactory.resolveEmbeddedValue(AbstractBeanFactory.java:920)
	at org.springframework.beans.factory.support.DefaultListableBeanFactory.doResolveDependency(DefaultListableBeanFactory.java:1358)
	at org.springframework.beans.factory.support.DefaultListableBeanFactory.resolveDependency(DefaultListableBeanFactory.java:1337)
	at org.springframework.beans.factory.support.ConstructorResolver.resolveAutowiredArgument(ConstructorResolver.java:888)
	at org.springframework.beans.factory.support.ConstructorResolver.createArgumentArray(ConstructorResolver.java:791)
	at org.springframework.beans.factory.support.ConstructorResolver.autowireConstructor(ConstructorResolver.java:245)
	at org.springframework.beans.factory.support.AbstractAutowireCapableBeanFactory.autowireConstructor(AbstractAutowireCapableBeanFactory.java:1352)
	at org.springframework.beans.factory.support.AbstractAutowireCapableBeanFactory.createBeanInstance(AbstractAutowireCapableBeanFactory.java:1189)
	at org.springframework.beans.factory.support.AbstractAutowireCapableBeanFactory.doCreateBean(AbstractAutowireCapableBeanFactory.java:560)
	at org.springframework.beans.factory.support.AbstractAutowireCapableBeanFactory.createBean(AbstractAutowireCapableBeanFactory.java:520)
	... 14 common frames omitted
2023-09-12 18:37:53,252 INFO o.s.b.StartupInfoLogger [main] Starting SampleApplication using Java 20.0.2 with PID 14072 (D:\projects\learning\core-skills\spring-boot-cd-skeleton\sample-application\build\classes\java\main started by Judzin in D:\projects\learning\core-skills\spring-boot-cd-skeleton)
2023-09-12 18:37:53,258 INFO o.s.b.SpringApplication [main] No active profile set, falling back to 1 default profile: "default"
2023-09-12 18:37:54,402 INFO o.s.b.w.e.t.TomcatWebServer [main] Tomcat initialized with port(s): 8080 (http)
2023-09-12 18:37:54,412 INFO o.a.j.l.DirectJDKLog [main] Initializing ProtocolHandler ["http-nio-8080"]
2023-09-12 18:37:54,415 INFO o.a.j.l.DirectJDKLog [main] Starting service [Tomcat]
2023-09-12 18:37:54,415 INFO o.a.j.l.DirectJDKLog [main] Starting Servlet engine: [Apache Tomcat/10.1.12]
2023-09-12 18:37:54,542 INFO o.a.j.l.DirectJDKLog [main] Initializing Spring embedded WebApplicationContext
2023-09-12 18:37:54,544 INFO o.s.b.w.s.c.ServletWebServerApplicationContext [main] Root WebApplicationContext: initialization completed in 1219 ms
2023-09-12 18:37:54,928 INFO o.a.j.l.DirectJDKLog [main] Starting ProtocolHandler ["http-nio-8080"]
2023-09-12 18:37:54,957 INFO o.s.b.w.e.t.TomcatWebServer [main] Tomcat started on port(s): 8080 (http) with context path ''
2023-09-12 18:37:54,965 INFO o.s.b.StartupInfoLogger [main] Started SampleApplication in 2.352 seconds (process running for 2.752)
2023-09-12 18:38:04,615 INFO o.a.j.l.DirectJDKLog [http-nio-8080-exec-1] Initializing Spring DispatcherServlet 'dispatcherServlet'
2023-09-12 18:38:04,616 INFO o.s.w.s.FrameworkServlet [http-nio-8080-exec-1] Initializing Servlet 'dispatcherServlet'
2023-09-12 18:38:04,618 INFO o.s.w.s.FrameworkServlet [http-nio-8080-exec-1] Completed initialization in 1 ms
2023-09-12 18:42:05,723 INFO o.s.b.StartupInfoLogger [main] Starting SampleApplication using Java 20.0.2 with PID 7820 (D:\projects\learning\core-skills\spring-boot-cd-skeleton\sample-application\build\classes\java\main started by Judzin in D:\projects\learning\core-skills\spring-boot-cd-skeleton)
2023-09-12 18:42:05,726 INFO o.s.b.SpringApplication [main] No active profile set, falling back to 1 default profile: "default"
2023-09-12 18:42:06,905 INFO o.s.b.w.e.t.TomcatWebServer [main] Tomcat initialized with port(s): 8080 (http)
2023-09-12 18:42:06,913 INFO o.a.j.l.DirectJDKLog [main] Initializing ProtocolHandler ["http-nio-8080"]
2023-09-12 18:42:06,915 INFO o.a.j.l.DirectJDKLog [main] Starting service [Tomcat]
2023-09-12 18:42:06,916 INFO o.a.j.l.DirectJDKLog [main] Starting Servlet engine: [Apache Tomcat/10.1.12]
2023-09-12 18:42:07,024 INFO o.a.j.l.DirectJDKLog [main] Initializing Spring embedded WebApplicationContext
2023-09-12 18:42:07,026 INFO o.s.b.w.s.c.ServletWebServerApplicationContext [main] Root WebApplicationContext: initialization completed in 1228 ms
2023-09-12 18:42:07,446 INFO o.a.j.l.DirectJDKLog [main] Starting ProtocolHandler ["http-nio-8080"]
2023-09-12 18:42:07,477 INFO o.s.b.w.e.t.TomcatWebServer [main] Tomcat started on port(s): 8080 (http) with context path ''
2023-09-12 18:42:07,486 INFO o.s.b.StartupInfoLogger [main] Started SampleApplication in 2.467 seconds (process running for 2.937)
2023-09-12 18:42:14,922 INFO o.a.j.l.DirectJDKLog [http-nio-8080-exec-1] Initializing Spring DispatcherServlet 'dispatcherServlet'
2023-09-12 18:42:14,923 INFO o.s.w.s.FrameworkServlet [http-nio-8080-exec-1] Initializing Servlet 'dispatcherServlet'
2023-09-12 18:42:14,924 INFO o.s.w.s.FrameworkServlet [http-nio-8080-exec-1] Completed initialization in 1 ms
2023-09-12 18:43:00,975 INFO o.s.b.StartupInfoLogger [main] Starting SampleApplication using Java 20.0.2 with PID 22052 (D:\projects\learning\core-skills\spring-boot-cd-skeleton\sample-application\build\classes\java\main started by Judzin in D:\projects\learning\core-skills\spring-boot-cd-skeleton)
2023-09-12 18:43:00,978 INFO o.s.b.SpringApplication [main] No active profile set, falling back to 1 default profile: "default"
2023-09-12 18:43:02,184 INFO o.s.b.w.e.t.TomcatWebServer [main] Tomcat initialized with port(s): 8080 (http)
2023-09-12 18:43:02,194 INFO o.a.j.l.DirectJDKLog [main] Initializing ProtocolHandler ["http-nio-8080"]
2023-09-12 18:43:02,196 INFO o.a.j.l.DirectJDKLog [main] Starting service [Tomcat]
2023-09-12 18:43:02,197 INFO o.a.j.l.DirectJDKLog [main] Starting Servlet engine: [Apache Tomcat/10.1.12]
2023-09-12 18:43:02,304 INFO o.a.j.l.DirectJDKLog [main] Initializing Spring embedded WebApplicationContext
2023-09-12 18:43:02,306 INFO o.s.b.w.s.c.ServletWebServerApplicationContext [main] Root WebApplicationContext: initialization completed in 1257 ms
2023-09-12 18:43:02,728 INFO o.a.j.l.DirectJDKLog [main] Starting ProtocolHandler ["http-nio-8080"]
2023-09-12 18:43:02,752 INFO o.s.b.w.e.t.TomcatWebServer [main] Tomcat started on port(s): 8080 (http) with context path ''
2023-09-12 18:43:02,762 INFO o.s.b.StartupInfoLogger [main] Started SampleApplication in 2.486 seconds (process running for 2.911)
2023-09-12 18:43:07,747 INFO o.a.j.l.DirectJDKLog [http-nio-8080-exec-1] Initializing Spring DispatcherServlet 'dispatcherServlet'
2023-09-12 18:43:07,747 INFO o.s.w.s.FrameworkServlet [http-nio-8080-exec-1] Initializing Servlet 'dispatcherServlet'
2023-09-12 18:43:07,748 INFO o.s.w.s.FrameworkServlet [http-nio-8080-exec-1] Completed initialization in 1 ms
2023-09-12 18:44:06,469 INFO o.s.b.StartupInfoLogger [main] Starting SampleApplication using Java 20.0.2 with PID 5776 (D:\projects\learning\core-skills\spring-boot-cd-skeleton\sample-application\build\classes\java\main started by Judzin in D:\projects\learning\core-skills\spring-boot-cd-skeleton)
2023-09-12 18:44:06,473 INFO o.s.b.SpringApplication [main] No active profile set, falling back to 1 default profile: "default"
2023-09-12 18:44:08,077 INFO o.s.b.w.e.t.TomcatWebServer [main] Tomcat initialized with port(s): 8080 (http)
2023-09-12 18:44:08,086 INFO o.a.j.l.DirectJDKLog [main] Initializing ProtocolHandler ["http-nio-8080"]
2023-09-12 18:44:08,089 INFO o.a.j.l.DirectJDKLog [main] Starting service [Tomcat]
2023-09-12 18:44:08,089 INFO o.a.j.l.DirectJDKLog [main] Starting Servlet engine: [Apache Tomcat/10.1.12]
2023-09-12 18:44:08,204 INFO o.a.j.l.DirectJDKLog [main] Initializing Spring embedded WebApplicationContext
2023-09-12 18:44:08,206 INFO o.s.b.w.s.c.ServletWebServerApplicationContext [main] Root WebApplicationContext: initialization completed in 1625 ms
2023-09-12 18:44:08,909 INFO o.s.b.a.e.w.EndpointLinksResolver [main] Exposing 1 endpoint(s) beneath base path '/actuator'
2023-09-12 18:44:08,961 INFO o.a.j.l.DirectJDKLog [main] Starting ProtocolHandler ["http-nio-8080"]
2023-09-12 18:44:08,989 INFO o.s.b.w.e.t.TomcatWebServer [main] Tomcat started on port(s): 8080 (http) with context path ''
2023-09-12 18:44:09,004 INFO o.s.b.StartupInfoLogger [main] Started SampleApplication in 3.393 seconds (process running for 4.424)
2023-09-12 18:44:16,776 INFO o.a.j.l.DirectJDKLog [http-nio-8080-exec-1] Initializing Spring DispatcherServlet 'dispatcherServlet'
2023-09-12 18:44:16,776 INFO o.s.w.s.FrameworkServlet [http-nio-8080-exec-1] Initializing Servlet 'dispatcherServlet'
2023-09-12 18:44:16,783 INFO o.s.w.s.FrameworkServlet [http-nio-8080-exec-1] Completed initialization in 6 ms
2023-09-12 18:44:47,989 INFO o.s.b.StartupInfoLogger [main] Starting SampleApplication using Java 20.0.2 with PID 9800 (D:\projects\learning\core-skills\spring-boot-cd-skeleton\sample-application\build\classes\java\main started by Judzin in D:\projects\learning\core-skills\spring-boot-cd-skeleton)
2023-09-12 18:44:47,994 INFO o.s.b.SpringApplication [main] No active profile set, falling back to 1 default profile: "default"
2023-09-12 18:44:49,476 INFO o.s.b.w.e.t.TomcatWebServer [main] Tomcat initialized with port(s): 8080 (http)
2023-09-12 18:44:49,486 INFO o.a.j.l.DirectJDKLog [main] Initializing ProtocolHandler ["http-nio-8080"]
2023-09-12 18:44:49,490 INFO o.a.j.l.DirectJDKLog [main] Starting service [Tomcat]
2023-09-12 18:44:49,490 INFO o.a.j.l.DirectJDKLog [main] Starting Servlet engine: [Apache Tomcat/10.1.12]
2023-09-12 18:44:49,608 INFO o.a.j.l.DirectJDKLog [main] Initializing Spring embedded WebApplicationContext
2023-09-12 18:44:49,610 INFO o.s.b.w.s.c.ServletWebServerApplicationContext [main] Root WebApplicationContext: initialization completed in 1552 ms
2023-09-12 18:44:50,284 INFO o.s.b.a.e.w.EndpointLinksResolver [main] Exposing 1 endpoint(s) beneath base path '/actuator'
2023-09-12 18:44:50,329 INFO o.a.j.l.DirectJDKLog [main] Starting ProtocolHandler ["http-nio-8080"]
2023-09-12 18:44:50,365 INFO o.s.b.w.e.t.TomcatWebServer [main] Tomcat started on port(s): 8080 (http) with context path ''
2023-09-12 18:44:50,385 INFO o.s.b.StartupInfoLogger [main] Started SampleApplication in 3.123 seconds (process running for 3.536)
2023-09-12 18:44:54,586 INFO o.a.j.l.DirectJDKLog [http-nio-8080-exec-1] Initializing Spring DispatcherServlet 'dispatcherServlet'
2023-09-12 18:44:54,587 INFO o.s.w.s.FrameworkServlet [http-nio-8080-exec-1] Initializing Servlet 'dispatcherServlet'
2023-09-12 18:44:54,593 INFO o.s.w.s.FrameworkServlet [http-nio-8080-exec-1] Completed initialization in 6 ms
2023-09-12 18:47:09,944 INFO o.s.b.StartupInfoLogger [main] Starting SampleApplication using Java 20.0.2 with PID 5512 (D:\projects\learning\core-skills\spring-boot-cd-skeleton\sample-application\build\classes\java\main started by Judzin in D:\projects\learning\core-skills\spring-boot-cd-skeleton)
2023-09-12 18:47:09,947 INFO o.s.b.SpringApplication [main] No active profile set, falling back to 1 default profile: "default"
2023-09-12 18:47:11,619 INFO o.s.b.w.e.t.TomcatWebServer [main] Tomcat initialized with port(s): 8080 (http)
2023-09-12 18:47:11,631 INFO o.a.j.l.DirectJDKLog [main] Initializing ProtocolHandler ["http-nio-8080"]
2023-09-12 18:47:11,634 INFO o.a.j.l.DirectJDKLog [main] Starting service [Tomcat]
2023-09-12 18:47:11,634 INFO o.a.j.l.DirectJDKLog [main] Starting Servlet engine: [Apache Tomcat/10.1.12]
2023-09-12 18:47:11,770 INFO o.a.j.l.DirectJDKLog [main] Initializing Spring embedded WebApplicationContext
2023-09-12 18:47:11,773 INFO o.s.b.w.s.c.ServletWebServerApplicationContext [main] Root WebApplicationContext: initialization completed in 1766 ms
2023-09-12 18:47:12,669 INFO o.s.b.a.e.w.EndpointLinksResolver [main] Exposing 1 endpoint(s) beneath base path '/actuator'
2023-09-12 18:47:12,739 INFO o.a.j.l.DirectJDKLog [main] Starting ProtocolHandler ["http-nio-8080"]
2023-09-12 18:47:12,786 INFO o.s.b.w.e.t.TomcatWebServer [main] Tomcat started on port(s): 8080 (http) with context path ''
2023-09-12 18:47:12,805 INFO o.s.b.StartupInfoLogger [main] Started SampleApplication in 3.617 seconds (process running for 4.027)
2023-09-12 18:47:19,940 INFO o.a.j.l.DirectJDKLog [http-nio-8080-exec-1] Initializing Spring DispatcherServlet 'dispatcherServlet'
2023-09-12 18:47:19,940 INFO o.s.w.s.FrameworkServlet [http-nio-8080-exec-1] Initializing Servlet 'dispatcherServlet'
2023-09-12 18:47:19,941 INFO o.s.w.s.FrameworkServlet [http-nio-8080-exec-1] Completed initialization in 1 ms
2023-09-12 18:48:26,551 INFO o.s.b.StartupInfoLogger [main] Starting SampleApplication using Java 20.0.2 with PID 11056 (D:\projects\learning\core-skills\spring-boot-cd-skeleton\sample-application\build\classes\java\main started by Judzin in D:\projects\learning\core-skills\spring-boot-cd-skeleton)
2023-09-12 18:48:26,554 INFO o.s.b.SpringApplication [main] No active profile set, falling back to 1 default profile: "default"
2023-09-12 18:48:27,998 INFO o.s.b.w.e.t.TomcatWebServer [main] Tomcat initialized with port(s): 8080 (http)
2023-09-12 18:48:28,006 INFO o.a.j.l.DirectJDKLog [main] Initializing ProtocolHandler ["http-nio-8080"]
2023-09-12 18:48:28,010 INFO o.a.j.l.DirectJDKLog [main] Starting service [Tomcat]
2023-09-12 18:48:28,010 INFO o.a.j.l.DirectJDKLog [main] Starting Servlet engine: [Apache Tomcat/10.1.12]
2023-09-12 18:48:28,123 INFO o.a.j.l.DirectJDKLog [main] Initializing Spring embedded WebApplicationContext
2023-09-12 18:48:28,124 INFO o.s.b.w.s.c.ServletWebServerApplicationContext [main] Root WebApplicationContext: initialization completed in 1480 ms
2023-09-12 18:48:28,782 INFO o.s.b.a.e.w.EndpointLinksResolver [main] Exposing 1 endpoint(s) beneath base path '/actuator'
2023-09-12 18:48:28,836 INFO o.a.j.l.DirectJDKLog [main] Starting ProtocolHandler ["http-nio-8080"]
2023-09-12 18:48:28,868 INFO o.s.b.w.e.t.TomcatWebServer [main] Tomcat started on port(s): 8080 (http) with context path ''
2023-09-12 18:48:28,881 INFO o.s.b.StartupInfoLogger [main] Started SampleApplication in 3.029 seconds (process running for 3.539)
2023-09-12 18:48:37,619 INFO o.a.j.l.DirectJDKLog [http-nio-8080-exec-1] Initializing Spring DispatcherServlet 'dispatcherServlet'
2023-09-12 18:48:37,620 INFO o.s.w.s.FrameworkServlet [http-nio-8080-exec-1] Initializing Servlet 'dispatcherServlet'
2023-09-12 18:48:37,621 INFO o.s.w.s.FrameworkServlet [http-nio-8080-exec-1] Completed initialization in 1 ms
2023-09-12 18:49:34,661 INFO o.s.b.StartupInfoLogger [main] Starting SampleApplication using Java 20.0.2 with PID 12852 (D:\projects\learning\core-skills\spring-boot-cd-skeleton\sample-application\build\classes\java\main started by Judzin in D:\projects\learning\core-skills\spring-boot-cd-skeleton)
2023-09-12 18:49:34,675 INFO o.s.b.SpringApplication [main] No active profile set, falling back to 1 default profile: "default"
2023-09-12 18:49:36,194 INFO o.s.b.w.e.t.TomcatWebServer [main] Tomcat initialized with port(s): 8080 (http)
2023-09-12 18:49:36,208 INFO o.a.j.l.DirectJDKLog [main] Initializing ProtocolHandler ["http-nio-8080"]
2023-09-12 18:49:36,213 INFO o.a.j.l.DirectJDKLog [main] Starting service [Tomcat]
2023-09-12 18:49:36,213 INFO o.a.j.l.DirectJDKLog [main] Starting Servlet engine: [Apache Tomcat/10.1.12]
2023-09-12 18:49:36,339 INFO o.a.j.l.DirectJDKLog [main] Initializing Spring embedded WebApplicationContext
2023-09-12 18:49:36,341 INFO o.s.b.w.s.c.ServletWebServerApplicationContext [main] Root WebApplicationContext: initialization completed in 1593 ms
2023-09-12 18:49:36,965 INFO o.s.b.a.e.w.EndpointLinksResolver [main] Exposing 1 endpoint(s) beneath base path '/actuator'
2023-09-12 18:49:37,074 INFO o.a.j.l.DirectJDKLog [main] Starting ProtocolHandler ["http-nio-8080"]
2023-09-12 18:49:37,132 INFO o.s.b.w.e.t.TomcatWebServer [main] Tomcat started on port(s): 8080 (http) with context path ''
2023-09-12 18:49:37,150 INFO o.s.b.StartupInfoLogger [main] Started SampleApplication in 3.192 seconds (process running for 3.623)
2023-09-12 18:49:44,774 INFO o.a.j.l.DirectJDKLog [http-nio-8080-exec-2] Initializing Spring DispatcherServlet 'dispatcherServlet'
2023-09-12 18:49:44,774 INFO o.s.w.s.FrameworkServlet [http-nio-8080-exec-2] Initializing Servlet 'dispatcherServlet'
2023-09-12 18:49:44,775 INFO o.s.w.s.FrameworkServlet [http-nio-8080-exec-2] Completed initialization in 1 ms
2023-09-12 18:53:06,837 INFO o.s.b.StartupInfoLogger [main] Starting SampleApplication using Java 20.0.2 with PID 7620 (D:\projects\learning\core-skills\spring-boot-cd-skeleton\sample-application\build\classes\java\main started by Judzin in D:\projects\learning\core-skills\spring-boot-cd-skeleton)
2023-09-12 18:53:06,843 INFO o.s.b.SpringApplication [main] No active profile set, falling back to 1 default profile: "default"
2023-09-12 18:53:08,605 INFO o.s.b.w.e.t.TomcatWebServer [main] Tomcat initialized with port(s): 8080 (http)
2023-09-12 18:53:08,612 INFO o.a.j.l.DirectJDKLog [main] Initializing ProtocolHandler ["http-nio-8080"]
2023-09-12 18:53:08,615 INFO o.a.j.l.DirectJDKLog [main] Starting service [Tomcat]
2023-09-12 18:53:08,616 INFO o.a.j.l.DirectJDKLog [main] Starting Servlet engine: [Apache Tomcat/10.1.12]
2023-09-12 18:53:08,724 INFO o.a.j.l.DirectJDKLog [main] Initializing Spring embedded WebApplicationContext
2023-09-12 18:53:08,726 INFO o.s.b.w.s.c.ServletWebServerApplicationContext [main] Root WebApplicationContext: initialization completed in 1807 ms
2023-09-12 18:53:09,387 INFO o.s.b.a.e.w.EndpointLinksResolver [main] Exposing 1 endpoint(s) beneath base path '/actuator'
2023-09-12 18:53:09,439 INFO o.a.j.l.DirectJDKLog [main] Starting ProtocolHandler ["http-nio-8080"]
2023-09-12 18:53:09,477 INFO o.s.b.w.e.t.TomcatWebServer [main] Tomcat started on port(s): 8080 (http) with context path ''
2023-09-12 18:53:09,494 INFO o.s.b.StartupInfoLogger [main] Started SampleApplication in 3.451 seconds (process running for 3.885)
2023-09-12 18:53:12,756 INFO o.a.j.l.DirectJDKLog [http-nio-8080-exec-1] Initializing Spring DispatcherServlet 'dispatcherServlet'
2023-09-12 18:53:12,756 INFO o.s.w.s.FrameworkServlet [http-nio-8080-exec-1] Initializing Servlet 'dispatcherServlet'
2023-09-12 18:53:12,757 INFO o.s.w.s.FrameworkServlet [http-nio-8080-exec-1] Completed initialization in 1 ms
